<?xml version="1.0" encoding="UTF-8" standalone="no"?><testsuite errors="1" failures="0" name="set the initial setup" skipped="0" tests="2" time="100.06" timestamp="2022-11-29 05:46:12"><testcase name="Perform long press activity"/><testcase name="Handle the alerts"><error message="An element could not be located on the page using the given search parameters.&#10;For documentation on this error, please visit: https://selenium.dev/exceptions/#no_such_element&#10;Build info: version: '4.5.0', revision: 'fe167b119a'&#10;System info: os.name: 'Windows 11', os.arch: 'amd64', os.version: '10.0', java.version: '1.8.0_352'&#10;Driver info: io.appium.java_client.android.AndroidDriver&#10;Command: [22ad13f0-80ff-4964-9634-93edf820ddff, findElement {using=id, value=android:id/button1}]&#10;Capabilities {appium:app: C:\Users\91978\IdeaProjects..., appium:appPackage: io.appium.android.apis, appium:databaseEnabled: false, appium:desired: {app: C:\Users\91978\IdeaProjects..., devicenname: Android Emulator, platformName: android, platformVersion: 13.0, udid: emulator-5554}, appium:deviceApiLevel: 33, appium:deviceManufacturer: Google, appium:deviceModel: sdk_gphone64_x86_64, appium:deviceName: emulator-5554, appium:deviceScreenDensity: 440, appium:deviceScreenSize: 1080x2220, appium:deviceUDID: emulator-5554, appium:devicenname: Android Emulator, appium:javascriptEnabled: true, appium:locationContextEnabled: false, appium:networkConnectionEnabled: true, appium:pixelRatio: 2.75, appium:platformVersion: 13, appium:statBarHeight: 66, appium:takesScreenshot: true, appium:udid: emulator-5554, appium:viewportRect: {height: 2088, left: 0, top: 66, width: 1080}, appium:warnings: {}, appium:webStorageEnabled: false, platformName: ANDROID}&#10;Session ID: 22ad13f0-80ff-4964-9634-93edf820ddff&#10;For documentation on this error, please visit: https://selenium.dev/exceptions/#no_such_element&#10;Build info: version: '4.5.0', revision: 'fe167b119a'&#10;System info: os.name: 'Windows 11', os.arch: 'amd64', os.version: '10.0', java.version: '1.8.0_352'&#10;Driver info: driver.version: unknown" type="org.openqa.selenium.NoSuchElementException">An element could not be located on the page using the given search parameters.
For documentation on this error, please visit: https://selenium.dev/exceptions/#no_such_element
Build info: version: '4.5.0', revision: 'fe167b119a'
System info: os.name: 'Windows 11', os.arch: 'amd64', os.version: '10.0', java.version: '1.8.0_352'
Driver info: io.appium.java_client.android.AndroidDriver
Command: [22ad13f0-80ff-4964-9634-93edf820ddff, findElement {using=id, value=android:id/button1}]
Capabilities {appium:app: C:\Users\91978\IdeaProjects..., appium:appPackage: io.appium.android.apis, appium:databaseEnabled: false, appium:desired: {app: C:\Users\91978\IdeaProjects..., devicenname: Android Emulator, platformName: android, platformVersion: 13.0, udid: emulator-5554}, appium:deviceApiLevel: 33, appium:deviceManufacturer: Google, appium:deviceModel: sdk_gphone64_x86_64, appium:deviceName: emulator-5554, appium:deviceScreenDensity: 440, appium:deviceScreenSize: 1080x2220, appium:deviceUDID: emulator-5554, appium:devicenname: Android Emulator, appium:javascriptEnabled: true, appium:locationContextEnabled: false, appium:networkConnectionEnabled: true, appium:pixelRatio: 2.75, appium:platformVersion: 13, appium:statBarHeight: 66, appium:takesScreenshot: true, appium:udid: emulator-5554, appium:viewportRect: {height: 2088, left: 0, top: 66, width: 1080}, appium:warnings: {}, appium:webStorageEnabled: false, platformName: ANDROID}
Session ID: 22ad13f0-80ff-4964-9634-93edf820ddff
For documentation on this error, please visit: https://selenium.dev/exceptions/#no_such_element
Build info: version: '4.5.0', revision: 'fe167b119a'
System info: os.name: 'Windows 11', os.arch: 'amd64', os.version: '10.0', java.version: '1.8.0_352'
Driver info: driver.version: unknown</error><system-err>An element could not be located on the page using the given search parameters.
For documentation on this error, please visit: https://selenium.dev/exceptions/#no_such_element
Build info: version: '4.5.0', revision: 'fe167b119a'
System info: os.name: 'Windows 11', os.arch: 'amd64', os.version: '10.0', java.version: '1.8.0_352'
Driver info: io.appium.java_client.android.AndroidDriver
Command: [22ad13f0-80ff-4964-9634-93edf820ddff, findElement {using=id, value=android:id/button1}]
Capabilities {appium:app: C:\Users\91978\IdeaProjects..., appium:appPackage: io.appium.android.apis, appium:databaseEnabled: false, appium:desired: {app: C:\Users\91978\IdeaProjects..., devicenname: Android Emulator, platformName: android, platformVersion: 13.0, udid: emulator-5554}, appium:deviceApiLevel: 33, appium:deviceManufacturer: Google, appium:deviceModel: sdk_gphone64_x86_64, appium:deviceName: emulator-5554, appium:deviceScreenDensity: 440, appium:deviceScreenSize: 1080x2220, appium:deviceUDID: emulator-5554, appium:devicenname: Android Emulator, appium:javascriptEnabled: true, appium:locationContextEnabled: false, appium:networkConnectionEnabled: true, appium:pixelRatio: 2.75, appium:platformVersion: 13, appium:statBarHeight: 66, appium:takesScreenshot: true, appium:udid: emulator-5554, appium:viewportRect: {height: 2088, left: 0, top: 66, width: 1080}, appium:warnings: {}, appium:webStorageEnabled: false, platformName: ANDROID}
Session ID: 22ad13f0-80ff-4964-9634-93edf820ddff
For documentation on this error, please visit: https://selenium.dev/exceptions/#no_such_element
Build info: version: '4.5.0', revision: 'fe167b119a'
System info: os.name: 'Windows 11', os.arch: 'amd64', os.version: '10.0', java.version: '1.8.0_352'
Driver info: driver.version: unknown&#13;
io.appium.java_client.remote.AppiumCommandExecutor.execute(AppiumCommandExecutor.java:189)&#13;
UiPage.stepperClass.AcceptAlert(stepperClass.java:64)&#13;
StepDemo.demoSteps.HandlingOfAlert(demoSteps.java:22)&#13;
StepDefinations.steps.handleAlert(steps.java:25)&#13;
✽.handling alert(file:///C:/Users/91978/IdeaProjects/MobileAssign_4/src/main/resources/Features/demo.feature:14)&#13;
</system-err></testcase></testsuite>