<?xml version="1.0" encoding="UTF-8" standalone="no"?><testsuite errors="1" failures="0" name="Search using Appium Inspector" skipped="0" tests="1" time="4.45" timestamp="2022-11-29 02:48:05"><testcase name="Click on any element"><error message="Could not start a new session. Could not start a new session. Response code 500. Message: An unknown server-side error occurred while processing the command. Original error: Device emulator-5554 was not in the list of connected devices &#10;Host info: host: 'GEMGN-220030', ip: '192.168.0.174'&#10;Build info: version: '4.6.0', revision: '79f1c02ae20'&#10;System info: os.name: 'Windows 10', os.arch: 'amd64', os.version: '10.0', java.version: '1.8.0_352'&#10;Driver info: io.appium.java_client.android.AndroidDriver&#10;Command: [null, newSession {capabilities=[{appium:app=C:\Users\kr.pandey\Downloads\cal.apk, appium:deviceName=Pixel 6 API 30, platformName=ANDROID, appium:udid=emulator-5554}], desiredCapabilities=Capabilities {app: C:\Users\kr.pandey\Download..., deviceName: Pixel 6 API 30, platformName: ANDROID, udid: emulator-5554}}]&#10;Capabilities {}&#10;Build info: version: '4.6.0', revision: '79f1c02ae20'&#10;System info: os.name: 'Windows 10', os.arch: 'amd64', os.version: '10.0', java.version: '1.8.0_352'&#10;Driver info: driver.version: AndroidDriver" type="org.openqa.selenium.SessionNotCreatedException">Could not start a new session. Could not start a new session. Response code 500. Message: An unknown server-side error occurred while processing the command. Original error: Device emulator-5554 was not in the list of connected devices 
Host info: host: 'GEMGN-220030', ip: '192.168.0.174'
Build info: version: '4.6.0', revision: '79f1c02ae20'
System info: os.name: 'Windows 10', os.arch: 'amd64', os.version: '10.0', java.version: '1.8.0_352'
Driver info: io.appium.java_client.android.AndroidDriver
Command: [null, newSession {capabilities=[{appium:app=C:\Users\kr.pandey\Downloads\cal.apk, appium:deviceName=Pixel 6 API 30, platformName=ANDROID, appium:udid=emulator-5554}], desiredCapabilities=Capabilities {app: C:\Users\kr.pandey\Download..., deviceName: Pixel 6 API 30, platformName: ANDROID, udid: emulator-5554}}]
Capabilities {}
Build info: version: '4.6.0', revision: '79f1c02ae20'
System info: os.name: 'Windows 10', os.arch: 'amd64', os.version: '10.0', java.version: '1.8.0_352'
Driver info: driver.version: AndroidDriver</error><system-err>Could not start a new session. Could not start a new session. Response code 500. Message: An unknown server-side error occurred while processing the command. Original error: Device emulator-5554 was not in the list of connected devices 
Host info: host: 'GEMGN-220030', ip: '192.168.0.174'
Build info: version: '4.6.0', revision: '79f1c02ae20'
System info: os.name: 'Windows 10', os.arch: 'amd64', os.version: '10.0', java.version: '1.8.0_352'
Driver info: io.appium.java_client.android.AndroidDriver
Command: [null, newSession {capabilities=[{appium:app=C:\Users\kr.pandey\Downloads\cal.apk, appium:deviceName=Pixel 6 API 30, platformName=ANDROID, appium:udid=emulator-5554}], desiredCapabilities=Capabilities {app: C:\Users\kr.pandey\Download..., deviceName: Pixel 6 API 30, platformName: ANDROID, udid: emulator-5554}}]
Capabilities {}
Build info: version: '4.6.0', revision: '79f1c02ae20'
System info: os.name: 'Windows 10', os.arch: 'amd64', os.version: '10.0', java.version: '1.8.0_352'
Driver info: driver.version: AndroidDriver&#13;
io.appium.java_client.remote.AppiumProtocolHandshake.createSession(AppiumProtocolHandshake.java:126)&#13;
io.appium.java_client.remote.AppiumProtocolHandshake.createSession(AppiumProtocolHandshake.java:102)&#13;
io.appium.java_client.remote.AppiumCommandExecutor.createSession(AppiumCommandExecutor.java:155)&#13;
io.appium.java_client.remote.AppiumCommandExecutor.execute(AppiumCommandExecutor.java:189)&#13;
io.appium.java_client.AppiumDriver.startSession(AppiumDriver.java:229)&#13;
io.appium.java_client.AppiumDriver.&lt;init&gt;(AppiumDriver.java:80)&#13;
io.appium.java_client.AppiumDriver.&lt;init&gt;(AppiumDriver.java:92)&#13;
io.appium.java_client.android.AndroidDriver.&lt;init&gt;(AndroidDriver.java:117)&#13;
stepDefinitions.Demo.app(Demo.java:23)&#13;
✽.Launch the application(file:///C:/Users/kr.pandey/IdeaProjects/mobileAutomationProject/src/test/resources/features/feature.feature:8)&#13;
</system-err></testcase></testsuite>