<?xml version="1.0" encoding="UTF-8" standalone="no"?><testsuite errors="1" failures="0" name="Search using Appium Inspector" skipped="0" tests="1" time="27.43" timestamp="2022-11-30 01:22:00"><testcase name="Check for Long Press and Alert"><error message="An element could not be located on the page using the given search parameters.&#10;For documentation on this error, please visit: https://selenium.dev/exceptions/#no_such_element&#10;Build info: version: '4.5.0', revision: 'fe167b119a'&#10;System info: os.name: 'Windows 10', os.arch: 'amd64', os.version: '10.0', java.version: '1.8.0_352'&#10;Driver info: io.appium.java_client.android.AndroidDriver&#10;Command: [a2840bad-ebd8-4ce5-8a16-353921c4160b, findElement {using=accessibility id, value=App}]&#10;Capabilities {appium:app: C:\Users\kr.pandey\Download..., appium:appPackage: io.appium.android.apis, appium:databaseEnabled: false, appium:desired: {app: C:\Users\kr.pandey\Download..., deviceName: Pixel 6 API 30, platformName: android, udid: emulator-5554}, appium:deviceApiLevel: 30, appium:deviceManufacturer: unknown, appium:deviceModel: Android SDK built for x86, appium:deviceName: emulator-5554, appium:deviceScreenDensity: 420, appium:deviceScreenSize: 1080x2400, appium:deviceUDID: emulator-5554, appium:javascriptEnabled: true, appium:locationContextEnabled: false, appium:networkConnectionEnabled: true, appium:pixelRatio: 2.625, appium:platformVersion: 11, appium:statBarHeight: 136, appium:takesScreenshot: true, appium:udid: emulator-5554, appium:viewportRect: {height: 2002, left: 0, top: 136, width: 1080}, appium:warnings: {}, appium:webStorageEnabled: false, platformName: ANDROID}&#10;Session ID: a2840bad-ebd8-4ce5-8a16-353921c4160b&#10;For documentation on this error, please visit: https://selenium.dev/exceptions/#no_such_element&#10;Build info: version: '4.5.0', revision: 'fe167b119a'&#10;System info: os.name: 'Windows 10', os.arch: 'amd64', os.version: '10.0', java.version: '1.8.0_352'&#10;Driver info: driver.version: unknown" type="org.openqa.selenium.NoSuchElementException">An element could not be located on the page using the given search parameters.
For documentation on this error, please visit: https://selenium.dev/exceptions/#no_such_element
Build info: version: '4.5.0', revision: 'fe167b119a'
System info: os.name: 'Windows 10', os.arch: 'amd64', os.version: '10.0', java.version: '1.8.0_352'
Driver info: io.appium.java_client.android.AndroidDriver
Command: [a2840bad-ebd8-4ce5-8a16-353921c4160b, findElement {using=accessibility id, value=App}]
Capabilities {appium:app: C:\Users\kr.pandey\Download..., appium:appPackage: io.appium.android.apis, appium:databaseEnabled: false, appium:desired: {app: C:\Users\kr.pandey\Download..., deviceName: Pixel 6 API 30, platformName: android, udid: emulator-5554}, appium:deviceApiLevel: 30, appium:deviceManufacturer: unknown, appium:deviceModel: Android SDK built for x86, appium:deviceName: emulator-5554, appium:deviceScreenDensity: 420, appium:deviceScreenSize: 1080x2400, appium:deviceUDID: emulator-5554, appium:javascriptEnabled: true, appium:locationContextEnabled: false, appium:networkConnectionEnabled: true, appium:pixelRatio: 2.625, appium:platformVersion: 11, appium:statBarHeight: 136, appium:takesScreenshot: true, appium:udid: emulator-5554, appium:viewportRect: {height: 2002, left: 0, top: 136, width: 1080}, appium:warnings: {}, appium:webStorageEnabled: false, platformName: ANDROID}
Session ID: a2840bad-ebd8-4ce5-8a16-353921c4160b
For documentation on this error, please visit: https://selenium.dev/exceptions/#no_such_element
Build info: version: '4.5.0', revision: 'fe167b119a'
System info: os.name: 'Windows 10', os.arch: 'amd64', os.version: '10.0', java.version: '1.8.0_352'
Driver info: driver.version: unknown</error><system-err>An element could not be located on the page using the given search parameters.
For documentation on this error, please visit: https://selenium.dev/exceptions/#no_such_element
Build info: version: '4.5.0', revision: 'fe167b119a'
System info: os.name: 'Windows 10', os.arch: 'amd64', os.version: '10.0', java.version: '1.8.0_352'
Driver info: io.appium.java_client.android.AndroidDriver
Command: [a2840bad-ebd8-4ce5-8a16-353921c4160b, findElement {using=accessibility id, value=App}]
Capabilities {appium:app: C:\Users\kr.pandey\Download..., appium:appPackage: io.appium.android.apis, appium:databaseEnabled: false, appium:desired: {app: C:\Users\kr.pandey\Download..., deviceName: Pixel 6 API 30, platformName: android, udid: emulator-5554}, appium:deviceApiLevel: 30, appium:deviceManufacturer: unknown, appium:deviceModel: Android SDK built for x86, appium:deviceName: emulator-5554, appium:deviceScreenDensity: 420, appium:deviceScreenSize: 1080x2400, appium:deviceUDID: emulator-5554, appium:javascriptEnabled: true, appium:locationContextEnabled: false, appium:networkConnectionEnabled: true, appium:pixelRatio: 2.625, appium:platformVersion: 11, appium:statBarHeight: 136, appium:takesScreenshot: true, appium:udid: emulator-5554, appium:viewportRect: {height: 2002, left: 0, top: 136, width: 1080}, appium:warnings: {}, appium:webStorageEnabled: false, platformName: ANDROID}
Session ID: a2840bad-ebd8-4ce5-8a16-353921c4160b
For documentation on this error, please visit: https://selenium.dev/exceptions/#no_such_element
Build info: version: '4.5.0', revision: 'fe167b119a'
System info: os.name: 'Windows 10', os.arch: 'amd64', os.version: '10.0', java.version: '1.8.0_352'
Driver info: driver.version: unknown&#13;
io.appium.java_client.remote.AppiumCommandExecutor.execute(AppiumCommandExecutor.java:189)&#13;
stepDefinitions.Demo.checkAlertMessage(Demo.java:60)&#13;
✽.Check for alert message(file:///C:/Users/kr.pandey/IdeaProjects/mobileAutomationProject/src/test/resources/features/feature.feature:16)&#13;
</system-err></testcase></testsuite>